Using pre-set license
Built from '2020.3/staging' branch; Version is '2020.3.3f1 (76626098c1c4) revision 7758432'; Using compiler version '192528614'; Build Type 'Release'
OS: 'Windows 10 Education; OS build 18363.1556; Version 1909; 64bit' Language: 'en' Physical Memory: 32464 MB
BatchMode: 1, IsHumanControllingUs: 0, StartBugReporterOnCrash: 0, Is64bit: 1, IsPro: 0

 COMMAND LINE ARGUMENTS:
C:\Program Files\Unity\Hub\Editor\2020.3.3f1\Editor\Unity.exe
-adb2
-batchMode
-noUpm
-name
AssetImportWorker0
-projectPath
C:/Users/student/Unity/ARFoundationsWinterov
-logFile
Logs/AssetImportWorker0.log
-srvPort
50940
Successfully changed project path to: C:/Users/student/Unity/ARFoundationsWinterov
C:/Users/student/Unity/ARFoundationsWinterov
Using Asset Import Pipeline V2.
Refreshing native plugins compatible for Editor in 42.86 ms, found 0 plugins.
Preloading 0 native plugins for Editor in 0.00 ms.
Initialize engine version: 2020.3.3f1 (76626098c1c4)
[Subsystems] Discovering subsystems at path C:/Program Files/Unity/Hub/Editor/2020.3.3f1/Editor/Data/Resources/UnitySubsystems
[Subsystems] Discovering subsystems at path C:/Users/student/Unity/ARFoundationsWinterov/Assets
GfxDevice: creating device client; threaded=0
Direct3D:
    Version:  Direct3D 11.0 [level 11.1]
    Renderer: NVIDIA GeForce RTX 2080 (ID=0x1e82)
    Vendor:   
    VRAM:     8010 MB
    Driver:   27.21.14.6089
Initialize mono
Mono path[0] = 'C:/Program Files/Unity/Hub/Editor/2020.3.3f1/Editor/Data/Managed'
Mono path[1] = 'C:/Program Files/Unity/Hub/Editor/2020.3.3f1/Editor/Data/MonoBleedingEdge/lib/mono/unityjit'
Mono config path = 'C:/Program Files/Unity/Hub/Editor/2020.3.3f1/Editor/Data/MonoBleedingEdge/etc'
Using monoOptions --debugger-agent=transport=dt_socket,embedding=1,server=y,suspend=n,address=127.0.0.1:56276
Begin MonoManager ReloadAssembly
Registering precompiled unity dll's ...
Register platform support module: C:/Program Files/Unity/Hub/Editor/2020.3.3f1/Editor/Data/PlaybackEngines/WebGLSupport/UnityEditor.WebGL.Extensions.dll
Register platform support module: C:/Program Files/Unity/Hub/Editor/2020.3.3f1/Editor/Data/PlaybackEngines/MacStandaloneSupport/UnityEditor.OSXStandalone.Extensions.dll
Register platform support module: C:/Program Files/Unity/Hub/Editor/2020.3.3f1/Editor/Data/PlaybackEngines/WindowsStandaloneSupport/UnityEditor.WindowsStandalone.Extensions.dll
Register platform support module: C:/Program Files/Unity/Hub/Editor/2020.3.3f1/Editor/Data/PlaybackEngines/LuminSupport/UnityEditor.Lumin.Extensions.dll
Registered in 0.008824 seconds.
Native extension for Lumin target not found
Native extension for WindowsStandalone target not found
Native extension for OSXStandalone target not found
Native extension for WebGL target not found
Refreshing native plugins compatible for Editor in 36.49 ms, found 0 plugins.
Preloading 0 native plugins for Editor in 0.00 ms.
Invoked RoslynAnalysisRunner static constructor.
RoslynAnalysisRunner will not be running.
RoslynAnalysisRunner has terminated.
Mono: successfully reloaded assembly
- Completed reload, in  4.119 seconds
Platform modules already initialized, skipping
Registering precompiled user dll's ...
Registered in 0.003029 seconds.
Begin MonoManager ReloadAssembly
Native extension for Lumin target not found
Native extension for WindowsStandalone target not found
Native extension for OSXStandalone target not found
Native extension for WebGL target not found
Refreshing native plugins compatible for Editor in 36.51 ms, found 0 plugins.
Preloading 0 native plugins for Editor in 0.00 ms.
Invoked RoslynAnalysisRunner static constructor.
RoslynAnalysisRunner will not be running.
RoslynAnalysisRunner has terminated.
Mono: successfully reloaded assembly
- Completed reload, in  1.279 seconds
Platform modules already initialized, skipping
========================================================================
Worker process is ready to serve import requests
Launched and connected shader compiler UnityShaderCompiler.exe after 0.07 seconds
Refreshing native plugins compatible for Editor in 0.51 ms, found 0 plugins.
Preloading 0 native plugins for Editor in 0.00 ms.
Unloading 2016 Unused Serialized files (Serialized files now loaded: 0)
System memory in use before: 101.0 MB.
System memory in use after: 101.0 MB.

Unloading 14 unused Assets to reduce memory usage. Loaded Objects now: 2476.
Total: 3.271000 ms (FindLiveObjects: 0.278400 ms CreateObjectMapping: 0.066300 ms MarkObjects: 2.804700 ms  DeleteObjects: 0.120200 ms)

========================================================================
Received Import Request.
  path: Assets/Prefabs/AI_Dummy.prefab
  artifactKey: Guid(7be32e44481985740954b80262325409) Importer(815301076,1909f56bfc062723c751e8b465ee728b)
Start importing Assets/Prefabs/AI_Dummy.prefab using Guid(7be32e44481985740954b80262325409) Importer(815301076,1909f56bfc062723c751e8b465ee728b)  -> (artifact id: 'f76afcd0a138cad9b54fd612ab987ed7') in 0.633384 seconds
  Import took 0.638385 seconds .

========================================================================
Received Import Request.
  Time since last request: 0.000223 seconds.
  path: Assets/Prefabs/Head_Textured.fbx
  artifactKey: Guid(bcffda2276131a8499b41bea4df4be32) Importer(815301076,1909f56bfc062723c751e8b465ee728b)
Start importing Assets/Prefabs/Head_Textured.fbx using Guid(bcffda2276131a8499b41bea4df4be32) Importer(815301076,1909f56bfc062723c751e8b465ee728b)  -> (artifact id: '66cef1424e9c878c8fbde0e1ba42ba90') in 0.330269 seconds
  Import took 0.334518 seconds .

========================================================================
Received Import Request.
  Time since last request: 0.000211 seconds.
  path: Assets/Prefabs/Track.prefab
  artifactKey: Guid(19f426609715a0743bd503ab595a6f0e) Importer(815301076,1909f56bfc062723c751e8b465ee728b)
Start importing Assets/Prefabs/Track.prefab using Guid(19f426609715a0743bd503ab595a6f0e) Importer(815301076,1909f56bfc062723c751e8b465ee728b)  -> (artifact id: 'b8b29898d053dadc5bac140949eea3a0') in 0.208039 seconds
  Import took 0.212757 seconds .

========================================================================
Received Import Request.
  Time since last request: 96.181528 seconds.
  path: Assets/Scenes/GameTestNoAR.unity
  artifactKey: Guid(39f9de38008f7c2408ec3322585d67ee) Importer(815301076,1909f56bfc062723c751e8b465ee728b)
Start importing Assets/Scenes/GameTestNoAR.unity using Guid(39f9de38008f7c2408ec3322585d67ee) Importer(815301076,1909f56bfc062723c751e8b465ee728b)  -> (artifact id: '53a7cca409c73d3ca85c92f8c1917df6') in 0.012476 seconds
  Import took 0.016638 seconds .

========================================================================
Received Prepare
Registering precompiled user dll's ...
Registered in 0.003809 seconds.
Begin MonoManager ReloadAssembly
Native extension for Lumin target not found
Native extension for WindowsStandalone target not found
Native extension for OSXStandalone target not found
Native extension for WebGL target not found
Refreshing native plugins compatible for Editor in 1.05 ms, found 0 plugins.
Preloading 0 native plugins for Editor in 0.00 ms.
Invoked RoslynAnalysisRunner static constructor.
RoslynAnalysisRunner will not be running.
RoslynAnalysisRunner has terminated.
Mono: successfully reloaded assembly
- Completed reload, in  1.169 seconds
Platform modules already initialized, skipping
Switching build target platform(5) subTarget(0) extendedPlatform(0) -> platform(13) subTarget(524288) extendedPlatform(0)
Refreshing native plugins compatible for Editor in 0.46 ms, found 0 plugins.
Preloading 0 native plugins for Editor in 0.00 ms.
Unloading 1991 Unused Serialized files (Serialized files now loaded: 0)
System memory in use before: 115.8 MB.
System memory in use after: 115.9 MB.

Unloading 9 unused Assets to reduce memory usage. Loaded Objects now: 2525.
Total: 2.871500 ms (FindLiveObjects: 0.294200 ms CreateObjectMapping: 0.098600 ms MarkObjects: 2.391400 ms  DeleteObjects: 0.085900 ms)

AssetImportParameters requested are different than current active one (requested -> active):
  custom:graphics/normal-map-encoding: 01000000000000000000000000000000 -> 02000000000000000000000000000000
========================================================================
Received Import Request.
  Time since last request: 113.702155 seconds.
  path: Assets/Images/pngkey.com-employee-png-1247286.png
  artifactKey: Guid(2f2cd7f4025ff374a896c8339640337f) Importer(815301076,1909f56bfc062723c751e8b465ee728b)
Start importing Assets/Images/pngkey.com-employee-png-1247286.png using Guid(2f2cd7f4025ff374a896c8339640337f) Importer(815301076,1909f56bfc062723c751e8b465ee728b)  -> (artifact id: '1bde1a11ee69b208f19ea8df054a45ec') in 0.082567 seconds
  Import took 0.086517 seconds .

========================================================================
Received Import Request.
  Time since last request: 1.017431 seconds.
  path: Assets/Animations/Dummy@Defeated.fbx
  artifactKey: Guid(4595e36444f921b4f89bdfe2b1274e8a) Importer(815301076,1909f56bfc062723c751e8b465ee728b)
Start importing Assets/Animations/Dummy@Defeated.fbx using Guid(4595e36444f921b4f89bdfe2b1274e8a) Importer(815301076,1909f56bfc062723c751e8b465ee728b)  -> (artifact id: '5539339952520728f73a10f32e22e430') in 0.331921 seconds
  Import took 0.336527 seconds .

========================================================================
Received Import Request.
  Time since last request: 0.000221 seconds.
  path: Assets/Animations/Dummy@T-Pose.fbx
  artifactKey: Guid(6b7817ba99045a94fa3244773b625166) Importer(815301076,1909f56bfc062723c751e8b465ee728b)
Start importing Assets/Animations/Dummy@T-Pose.fbx using Guid(6b7817ba99045a94fa3244773b625166) Importer(815301076,1909f56bfc062723c751e8b465ee728b)  -> (artifact id: '8ba5218359856f9f24b9264825f7fb68') in 0.142940 seconds
  Import took 0.147211 seconds .

========================================================================
Received Import Request.
  Time since last request: 0.000200 seconds.
  path: Assets/Animations/Dummy@Idle.fbx
  artifactKey: Guid(3e2deb026a8eed542a27c5cfd8f6e024) Importer(815301076,1909f56bfc062723c751e8b465ee728b)
Start importing Assets/Animations/Dummy@Idle.fbx using Guid(3e2deb026a8eed542a27c5cfd8f6e024) Importer(815301076,1909f56bfc062723c751e8b465ee728b)  -> (artifact id: '20d81508883dec5177d59e77b99d30e1') in 0.143939 seconds
  Import took 0.148437 seconds .

========================================================================
Received Import Request.
  Time since last request: 0.000247 seconds.
  path: Assets/Animations/Dummy@Getting Hit.fbx
  artifactKey: Guid(21096e08f86ec6044a01f1d22786bb4e) Importer(815301076,1909f56bfc062723c751e8b465ee728b)
Start importing Assets/Animations/Dummy@Getting Hit.fbx using Guid(21096e08f86ec6044a01f1d22786bb4e) Importer(815301076,1909f56bfc062723c751e8b465ee728b)  -> (artifact id: '131a5bc77623a498c657458395d42031') in 0.133602 seconds
  Import took 0.138214 seconds .

========================================================================
Received Import Request.
  Time since last request: 0.000301 seconds.
  path: Assets/Animations/Dummy@Victory Idle.fbx
  artifactKey: Guid(a78d8bb1d42f59640afe0b0358dda442) Importer(815301076,1909f56bfc062723c751e8b465ee728b)
Start importing Assets/Animations/Dummy@Victory Idle.fbx using Guid(a78d8bb1d42f59640afe0b0358dda442) Importer(815301076,1909f56bfc062723c751e8b465ee728b)  -> (artifact id: 'f0a0a41e334d97c3ac2152eadc59b13c') in 0.126780 seconds
  Import took 0.131561 seconds .

========================================================================
Received Import Request.
  Time since last request: 0.000237 seconds.
  path: Assets/Animations/Dummy@Running.fbx
  artifactKey: Guid(36e6de326a6e8ea4283ae850db03be4f) Importer(815301076,1909f56bfc062723c751e8b465ee728b)
Start importing Assets/Animations/Dummy@Running.fbx using Guid(36e6de326a6e8ea4283ae850db03be4f) Importer(815301076,1909f56bfc062723c751e8b465ee728b)  -> (artifact id: '7d55f1e5849c8c788be18bfcd2e4bd1e') in 0.133351 seconds
  Import took 0.138444 seconds .

========================================================================
Received Import Request.
  Time since last request: 30.820776 seconds.
  path: Assets/Prefabs/AI_Dummy 1.prefab
  artifactKey: Guid(27c00c7e58fe4b04685c0242dd2adaf2) Importer(815301076,1909f56bfc062723c751e8b465ee728b)
Start importing Assets/Prefabs/AI_Dummy 1.prefab using Guid(27c00c7e58fe4b04685c0242dd2adaf2) Importer(815301076,1909f56bfc062723c751e8b465ee728b)  -> (artifact id: '1c0afea3a2910be6062ebd15c794ec46') in 0.219248 seconds
  Import took 0.224827 seconds .

========================================================================
Received Import Request.
  Time since last request: 21.415766 seconds.
  path: Assets/Scenes/Jasmin.unity
  artifactKey: Guid(48cb7502d45131e46843175cc7522d03) Importer(815301076,1909f56bfc062723c751e8b465ee728b)
Start importing Assets/Scenes/Jasmin.unity using Guid(48cb7502d45131e46843175cc7522d03) Importer(815301076,1909f56bfc062723c751e8b465ee728b)  -> (artifact id: '80a62be1bfad876601e3ec94ae824cd8') in 0.014265 seconds
  Import took 0.018597 seconds .

========================================================================
Received Import Request.
  Time since last request: 54.691759 seconds.
  path: Assets/Scenes/GameTestNoAR.unity
  artifactKey: Guid(39f9de38008f7c2408ec3322585d67ee) Importer(815301076,1909f56bfc062723c751e8b465ee728b)
Start importing Assets/Scenes/GameTestNoAR.unity using Guid(39f9de38008f7c2408ec3322585d67ee) Importer(815301076,1909f56bfc062723c751e8b465ee728b)  -> (artifact id: 'b3590478b872712a746e545f0a8f747a') in 0.013819 seconds
  Import took 0.017961 seconds .

========================================================================
Received Prepare
Registering precompiled user dll's ...
Registered in 0.006954 seconds.
Begin MonoManager ReloadAssembly
Native extension for Lumin target not found
Native extension for WindowsStandalone target not found
Native extension for OSXStandalone target not found
Native extension for WebGL target not found
Refreshing native plugins compatible for Editor in 0.76 ms, found 0 plugins.
Preloading 0 native plugins for Editor in 0.00 ms.
Invoked RoslynAnalysisRunner static constructor.
RoslynAnalysisRunner will not be running.
RoslynAnalysisRunner has terminated.
Mono: successfully reloaded assembly
- Completed reload, in  1.355 seconds
Platform modules already initialized, skipping
Script is not up to date after domain reload: guid(fd0837dd397b4584e8497ab145cc42ec) path("Assets/Scripts/rotateScript.cs") state(2)
Switching build target platform(5) subTarget(0) extendedPlatform(0) -> platform(13) subTarget(524288) extendedPlatform(0)
Refreshing native plugins compatible for Editor in 0.52 ms, found 0 plugins.
Preloading 0 native plugins for Editor in 0.00 ms.
Unloading 1992 Unused Serialized files (Serialized files now loaded: 0)
System memory in use before: 116.0 MB.
System memory in use after: 116.1 MB.

Unloading 7 unused Assets to reduce memory usage. Loaded Objects now: 2533.
Total: 4.340500 ms (FindLiveObjects: 0.716900 ms CreateObjectMapping: 0.280000 ms MarkObjects: 3.253100 ms  DeleteObjects: 0.087800 ms)

AssetImportParameters requested are different than current active one (requested -> active):
  custom:graphics/normal-map-encoding: 01000000000000000000000000000000 -> 02000000000000000000000000000000
========================================================================
Received Prepare
Registering precompiled user dll's ...
Registered in 0.002463 seconds.
Begin MonoManager ReloadAssembly
Native extension for Lumin target not found
Native extension for WindowsStandalone target not found
Native extension for OSXStandalone target not found
Native extension for WebGL target not found
Refreshing native plugins compatible for Editor in 0.90 ms, found 0 plugins.
Preloading 0 native plugins for Editor in 0.00 ms.
Invoked RoslynAnalysisRunner static constructor.
RoslynAnalysisRunner will not be running.
RoslynAnalysisRunner has terminated.
Mono: successfully reloaded assembly
- Completed reload, in  1.411 seconds
Platform modules already initialized, skipping
Script is not up to date after domain reload: guid(ce100ae60959ad74d810a50cb63ef44f) path("Assets/Scripts/rotateScript1.cs") state(2)
Switching build target platform(5) subTarget(0) extendedPlatform(0) -> platform(13) subTarget(524288) extendedPlatform(0)
Refreshing native plugins compatible for Editor in 0.47 ms, found 0 plugins.
Preloading 0 native plugins for Editor in 0.00 ms.
Unloading 1993 Unused Serialized files (Serialized files now loaded: 0)
System memory in use before: 116.1 MB.
System memory in use after: 116.1 MB.

Unloading 7 unused Assets to reduce memory usage. Loaded Objects now: 2538.
Total: 2.727400 ms (FindLiveObjects: 0.319900 ms CreateObjectMapping: 0.066000 ms MarkObjects: 2.255100 ms  DeleteObjects: 0.085000 ms)

AssetImportParameters requested are different than current active one (requested -> active):
  custom:graphics/normal-map-encoding: 01000000000000000000000000000000 -> 02000000000000000000000000000000
========================================================================
Received Import Request.
  Time since last request: 128.635960 seconds.
  path: Assets/Scripts/SelectAndMove.cs
  artifactKey: Guid(eae28051b05d0e14c8b930d88260c57c) Importer(815301076,1909f56bfc062723c751e8b465ee728b)
Start importing Assets/Scripts/SelectAndMove.cs using Guid(eae28051b05d0e14c8b930d88260c57c) Importer(815301076,1909f56bfc062723c751e8b465ee728b)  -> (artifact id: '722090cde85f7ea20637d350caaed8a4') in 0.022583 seconds
  Import took 0.026343 seconds .

========================================================================
Received Import Request.
  Time since last request: 0.004256 seconds.
  path: Assets/Scripts/SelectAndMove.cs
  artifactKey: Guid(eae28051b05d0e14c8b930d88260c57c) Importer(815301076,1909f56bfc062723c751e8b465ee728b)
Start importing Assets/Scripts/SelectAndMove.cs using Guid(eae28051b05d0e14c8b930d88260c57c) Importer(815301076,1909f56bfc062723c751e8b465ee728b)  -> (artifact id: '722090cde85f7ea20637d350caaed8a4') in 0.013071 seconds
  Import took 0.016709 seconds .

========================================================================
Received Import Request.
  Time since last request: 0.767590 seconds.
  path: Assets/Scripts/Scale_Script.cs
  artifactKey: Guid(09d523f68ed26c040b96c3d1a8662233) Importer(815301076,1909f56bfc062723c751e8b465ee728b)
Start importing Assets/Scripts/Scale_Script.cs using Guid(09d523f68ed26c040b96c3d1a8662233) Importer(815301076,1909f56bfc062723c751e8b465ee728b)  -> (artifact id: '6086d568dce1814f500ceb8ab723fdc3') in 0.014521 seconds
  Import took 0.018837 seconds .

========================================================================
Received Import Request.
  Time since last request: 4.357285 seconds.
  path: Assets/Scripts/Rotator.cs
  artifactKey: Guid(b7a563edf14139143aac42079629f0a7) Importer(815301076,1909f56bfc062723c751e8b465ee728b)
Start importing Assets/Scripts/Rotator.cs using Guid(b7a563edf14139143aac42079629f0a7) Importer(815301076,1909f56bfc062723c751e8b465ee728b)  -> (artifact id: '1c170552313e4e4fa1da5f56d0027df7') in 0.014592 seconds
  Import took 0.018983 seconds .

========================================================================
Received Import Request.
  Time since last request: 0.405130 seconds.
  path: Assets/Scripts/rotateScript1.cs
  artifactKey: Guid(ce100ae60959ad74d810a50cb63ef44f) Importer(815301076,1909f56bfc062723c751e8b465ee728b)
Start importing Assets/Scripts/rotateScript1.cs using Guid(ce100ae60959ad74d810a50cb63ef44f) Importer(815301076,1909f56bfc062723c751e8b465ee728b)  -> (artifact id: '781408f2c6c52f1d2b19598b320fc97f') in 0.013350 seconds
  Import took 0.017280 seconds .

========================================================================
Received Import Request.
  Time since last request: 0.434994 seconds.
  path: Assets/Scripts/rotateScript.cs
  artifactKey: Guid(fd0837dd397b4584e8497ab145cc42ec) Importer(815301076,1909f56bfc062723c751e8b465ee728b)
Start importing Assets/Scripts/rotateScript.cs using Guid(fd0837dd397b4584e8497ab145cc42ec) Importer(815301076,1909f56bfc062723c751e8b465ee728b)  -> (artifact id: 'a54efcdad0357741ee440f4fb71e544f') in 0.012995 seconds
  Import took 0.016814 seconds .

========================================================================
Received Prepare
Registering precompiled user dll's ...
Registered in 0.003025 seconds.
Begin MonoManager ReloadAssembly
Native extension for Lumin target not found
Native extension for WindowsStandalone target not found
Native extension for OSXStandalone target not found
Native extension for WebGL target not found
Refreshing native plugins compatible for Editor in 0.51 ms, found 0 plugins.
Preloading 0 native plugins for Editor in 0.00 ms.
Invoked RoslynAnalysisRunner static constructor.
RoslynAnalysisRunner will not be running.
RoslynAnalysisRunner has terminated.
Mono: successfully reloaded assembly
- Completed reload, in  1.312 seconds
Platform modules already initialized, skipping
Switching build target platform(5) subTarget(0) extendedPlatform(0) -> platform(13) subTarget(524288) extendedPlatform(0)
Refreshing native plugins compatible for Editor in 0.65 ms, found 0 plugins.
Preloading 0 native plugins for Editor in 0.00 ms.
Unloading 1993 Unused Serialized files (Serialized files now loaded: 0)
System memory in use before: 116.1 MB.
System memory in use after: 116.2 MB.

Unloading 7 unused Assets to reduce memory usage. Loaded Objects now: 2542.
Total: 3.407600 ms (FindLiveObjects: 0.473000 ms CreateObjectMapping: 0.093800 ms MarkObjects: 2.759700 ms  DeleteObjects: 0.079100 ms)

AssetImportParameters requested are different than current active one (requested -> active):
  custom:graphics/normal-map-encoding: 01000000000000000000000000000000 -> 02000000000000000000000000000000
========================================================================
Received Import Request.
  Time since last request: 123.853543 seconds.
  path: Assets/Scenes/GameTestNoAR.unity
  artifactKey: Guid(39f9de38008f7c2408ec3322585d67ee) Importer(815301076,1909f56bfc062723c751e8b465ee728b)
Start importing Assets/Scenes/GameTestNoAR.unity using Guid(39f9de38008f7c2408ec3322585d67ee) Importer(815301076,1909f56bfc062723c751e8b465ee728b)  -> (artifact id: '1889ced7ea3bdd097258257edf398c78') in 0.020273 seconds
  Import took 0.024511 seconds .

========================================================================
Received Import Request.
  Time since last request: 47.006676 seconds.
  path: Assets/Materials/Blue.mat
  artifactKey: Guid(0e39a77dc7b21c946a5e277c0ad97441) Importer(815301076,1909f56bfc062723c751e8b465ee728b)
Start importing Assets/Materials/Blue.mat using Guid(0e39a77dc7b21c946a5e277c0ad97441) Importer(815301076,1909f56bfc062723c751e8b465ee728b)  -> (artifact id: 'e5ed05bef0f1e643adf1a0037728e743') in 0.061154 seconds
  Import took 0.065100 seconds .

========================================================================
Received Import Request.
  Time since last request: 0.000251 seconds.
  path: Assets/Materials/New Material.mat
  artifactKey: Guid(b512fc0db172c524ebe6b4cc9a25b52b) Importer(815301076,1909f56bfc062723c751e8b465ee728b)
Start importing Assets/Materials/New Material.mat using Guid(b512fc0db172c524ebe6b4cc9a25b52b) Importer(815301076,1909f56bfc062723c751e8b465ee728b)  -> (artifact id: '23c4c3f24325c0d05055c57db2382f0f') in 0.019659 seconds
  Import took 0.023653 seconds .

========================================================================
Received Import Request.
  Time since last request: 0.000227 seconds.
  path: Assets/Materials/UserCameraRenderTexture.renderTexture
  artifactKey: Guid(a9de2bf612734f040930ccfe98abec40) Importer(815301076,1909f56bfc062723c751e8b465ee728b)
Start importing Assets/Materials/UserCameraRenderTexture.renderTexture using Guid(a9de2bf612734f040930ccfe98abec40) Importer(815301076,1909f56bfc062723c751e8b465ee728b)  -> (artifact id: '9226f432b04b4ec32617b0ca142a2651') in 0.027552 seconds
  Import took 0.031237 seconds .

========================================================================
Received Import Request.
  Time since last request: 0.000179 seconds.
  path: Assets/Materials/Ch32_1001_Diffuse.mat
  artifactKey: Guid(f15cb265be66c5c42a4d2496bdf3cc6f) Importer(815301076,1909f56bfc062723c751e8b465ee728b)
Start importing Assets/Materials/Ch32_1001_Diffuse.mat using Guid(f15cb265be66c5c42a4d2496bdf3cc6f) Importer(815301076,1909f56bfc062723c751e8b465ee728b)  -> (artifact id: '04a2a1289498b22726ed1e17dc11b73d') in 0.118606 seconds
  Import took 0.122261 seconds .

========================================================================
Received Import Request.
  Time since last request: 17.590969 seconds.
  path: Assets/Scenes/GameTestNoAR.unity
  artifactKey: Guid(39f9de38008f7c2408ec3322585d67ee) Importer(815301076,1909f56bfc062723c751e8b465ee728b)
Start importing Assets/Scenes/GameTestNoAR.unity using Guid(39f9de38008f7c2408ec3322585d67ee) Importer(815301076,1909f56bfc062723c751e8b465ee728b)  -> (artifact id: '9944f78b34b6d982355f30fd0852fdac') in 0.009670 seconds
  Import took 0.013641 seconds .

========================================================================
Received Import Request.
  Time since last request: 101.842282 seconds.
  path: Assets/Animations/DummyAnimator.controller
  artifactKey: Guid(cd7d3372c61b9b64a8f501475bdedb2f) Importer(815301076,1909f56bfc062723c751e8b465ee728b)
Start importing Assets/Animations/DummyAnimator.controller using Guid(cd7d3372c61b9b64a8f501475bdedb2f) Importer(815301076,1909f56bfc062723c751e8b465ee728b)  -> (artifact id: '43937b3fa2877955fc4d448bdd5c4ad3') in 0.022075 seconds
  Import took 0.027233 seconds .

========================================================================
Received Import Request.
  Time since last request: 221.459780 seconds.
  path: Assets/Scenes/GameTestNoAR.unity
  artifactKey: Guid(39f9de38008f7c2408ec3322585d67ee) Importer(815301076,1909f56bfc062723c751e8b465ee728b)
Start importing Assets/Scenes/GameTestNoAR.unity using Guid(39f9de38008f7c2408ec3322585d67ee) Importer(815301076,1909f56bfc062723c751e8b465ee728b)  -> (artifact id: '1e4ba191c1eca38f129d2595e675ca96') in 0.009940 seconds
  Import took 0.015053 seconds .

========================================================================
Received Import Request.
  Time since last request: 0.000883 seconds.
  path: Assets/Scenes/GameTestNoAR.unity
  artifactKey: Guid(39f9de38008f7c2408ec3322585d67ee) Importer(815301076,1909f56bfc062723c751e8b465ee728b)
Start importing Assets/Scenes/GameTestNoAR.unity using Guid(39f9de38008f7c2408ec3322585d67ee) Importer(815301076,1909f56bfc062723c751e8b465ee728b)  -> (artifact id: '1e4ba191c1eca38f129d2595e675ca96') in 0.010072 seconds
  Import took 0.014075 seconds .

========================================================================
Received Prepare
Refreshing native plugins compatible for Editor in 1.96 ms, found 0 plugins.
Preloading 0 native plugins for Editor in 0.00 ms.
Unloading 4 Unused Serialized files (Serialized files now loaded: 0)
System memory in use before: 77.1 MB.
System memory in use after: 77.3 MB.

Unloading 3 unused Assets to reduce memory usage. Loaded Objects now: 2547.
Total: 3.883000 ms (FindLiveObjects: 0.304500 ms CreateObjectMapping: 0.059900 ms MarkObjects: 3.431800 ms  DeleteObjects: 0.085100 ms)

========================================================================
Received Prepare
Refreshing native plugins compatible for Editor in 2.16 ms, found 0 plugins.
Preloading 0 native plugins for Editor in 0.00 ms.
Unloading 3 Unused Serialized files (Serialized files now loaded: 0)
System memory in use before: 77.0 MB.
System memory in use after: 77.2 MB.

Unloading 3 unused Assets to reduce memory usage. Loaded Objects now: 2547.
Total: 3.387500 ms (FindLiveObjects: 0.283400 ms CreateObjectMapping: 0.059500 ms MarkObjects: 2.965400 ms  DeleteObjects: 0.078300 ms)

AssetImportWorkerClient::OnTransportError - code=2 error=End of file
