Using pre-set license
Built from '2020.3/staging' branch; Version is '2020.3.3f1 (76626098c1c4) revision 7758432'; Using compiler version '192528614'; Build Type 'Release'
OS: 'Windows 10 Education; OS build 18363.1556; Version 1909; 64bit' Language: 'en' Physical Memory: 32464 MB
BatchMode: 1, IsHumanControllingUs: 0, StartBugReporterOnCrash: 0, Is64bit: 1, IsPro: 0

 COMMAND LINE ARGUMENTS:
C:\Program Files\Unity\Hub\Editor\2020.3.3f1\Editor\Unity.exe
-adb2
-batchMode
-noUpm
-name
AssetImportWorker2
-projectPath
C:/Users/student/Unity/ARFoundationsWinterov
-logFile
Logs/AssetImportWorker2.log
-srvPort
54900
Successfully changed project path to: C:/Users/student/Unity/ARFoundationsWinterov
C:/Users/student/Unity/ARFoundationsWinterov
Using Asset Import Pipeline V2.
Refreshing native plugins compatible for Editor in 58.46 ms, found 0 plugins.
Preloading 0 native plugins for Editor in 0.00 ms.
Initialize engine version: 2020.3.3f1 (76626098c1c4)
[Subsystems] Discovering subsystems at path C:/Program Files/Unity/Hub/Editor/2020.3.3f1/Editor/Data/Resources/UnitySubsystems
[Subsystems] Discovering subsystems at path C:/Users/student/Unity/ARFoundationsWinterov/Assets
GfxDevice: creating device client; threaded=0
Direct3D:
    Version:  Direct3D 11.0 [level 11.1]
    Renderer: NVIDIA GeForce RTX 2080 (ID=0x1e82)
    Vendor:   
    VRAM:     8010 MB
    Driver:   27.21.14.6089
Initialize mono
Mono path[0] = 'C:/Program Files/Unity/Hub/Editor/2020.3.3f1/Editor/Data/Managed'
Mono path[1] = 'C:/Program Files/Unity/Hub/Editor/2020.3.3f1/Editor/Data/MonoBleedingEdge/lib/mono/unityjit'
Mono config path = 'C:/Program Files/Unity/Hub/Editor/2020.3.3f1/Editor/Data/MonoBleedingEdge/etc'
Using monoOptions --debugger-agent=transport=dt_socket,embedding=1,server=y,suspend=n,address=127.0.0.1:56232
Begin MonoManager ReloadAssembly
Registering precompiled unity dll's ...
Register platform support module: C:/Program Files/Unity/Hub/Editor/2020.3.3f1/Editor/Data/PlaybackEngines/WebGLSupport/UnityEditor.WebGL.Extensions.dll
Register platform support module: C:/Program Files/Unity/Hub/Editor/2020.3.3f1/Editor/Data/PlaybackEngines/MacStandaloneSupport/UnityEditor.OSXStandalone.Extensions.dll
Register platform support module: C:/Program Files/Unity/Hub/Editor/2020.3.3f1/Editor/Data/PlaybackEngines/WindowsStandaloneSupport/UnityEditor.WindowsStandalone.Extensions.dll
Register platform support module: C:/Program Files/Unity/Hub/Editor/2020.3.3f1/Editor/Data/PlaybackEngines/LuminSupport/UnityEditor.Lumin.Extensions.dll
Registered in 0.012214 seconds.
Native extension for Lumin target not found
Native extension for WindowsStandalone target not found
Native extension for OSXStandalone target not found
Native extension for WebGL target not found
Refreshing native plugins compatible for Editor in 37.92 ms, found 0 plugins.
Preloading 0 native plugins for Editor in 0.00 ms.
Invoked RoslynAnalysisRunner static constructor.
RoslynAnalysisRunner will not be running.
RoslynAnalysisRunner has terminated.
Mono: successfully reloaded assembly
- Completed reload, in  6.898 seconds
Platform modules already initialized, skipping
Registering precompiled user dll's ...
Registered in 0.003456 seconds.
Begin MonoManager ReloadAssembly
Native extension for Lumin target not found
Native extension for WindowsStandalone target not found
Native extension for OSXStandalone target not found
Native extension for WebGL target not found
Refreshing native plugins compatible for Editor in 40.35 ms, found 0 plugins.
Preloading 0 native plugins for Editor in 0.00 ms.
Invoked RoslynAnalysisRunner static constructor.
RoslynAnalysisRunner will not be running.
RoslynAnalysisRunner has terminated.
Mono: successfully reloaded assembly
- Completed reload, in  1.403 seconds
Platform modules already initialized, skipping
========================================================================
Worker process is ready to serve import requests
Launched and connected shader compiler UnityShaderCompiler.exe after 0.11 seconds
Refreshing native plugins compatible for Editor in 0.52 ms, found 0 plugins.
Preloading 0 native plugins for Editor in 0.00 ms.
Unloading 2020 Unused Serialized files (Serialized files now loaded: 0)
System memory in use before: 101.3 MB.
System memory in use after: 101.3 MB.

Unloading 13 unused Assets to reduce memory usage. Loaded Objects now: 2481.
Total: 2.710500 ms (FindLiveObjects: 0.280400 ms CreateObjectMapping: 0.065000 ms MarkObjects: 2.245500 ms  DeleteObjects: 0.118000 ms)

========================================================================
Received Import Request.
  path: Assets/Prefabs/NEWTOSPAWN.prefab
  artifactKey: Guid(27a16897b9e5fc84ebb5babe2515c1dc) Importer(815301076,1909f56bfc062723c751e8b465ee728b)
Start importing Assets/Prefabs/NEWTOSPAWN.prefab using Guid(27a16897b9e5fc84ebb5babe2515c1dc) Importer(815301076,1909f56bfc062723c751e8b465ee728b)  -> (artifact id: 'af022fc03a57cef45c2c0fd7d10f32d3') in 0.529987 seconds
  Import took 0.534531 seconds .

========================================================================
Received Import Request.
  Time since last request: 0.000284 seconds.
  path: Assets/Prefabs/GameObject (2).prefab
  artifactKey: Guid(0a2b3eb9b103f304483410de20136e5b) Importer(815301076,1909f56bfc062723c751e8b465ee728b)
Start importing Assets/Prefabs/GameObject (2).prefab using Guid(0a2b3eb9b103f304483410de20136e5b) Importer(815301076,1909f56bfc062723c751e8b465ee728b)  -> (artifact id: '8d290d7472cd9693ac3a243bb5debf77') in 0.198050 seconds
  Import took 0.202873 seconds .

========================================================================
Received Import Request.
  Time since last request: 0.000247 seconds.
  path: Assets/Prefabs/ChickenTrack.prefab
  artifactKey: Guid(c41d260a0c6abc94b8d7cfb6f78a6c07) Importer(815301076,1909f56bfc062723c751e8b465ee728b)
Start importing Assets/Prefabs/ChickenTrack.prefab using Guid(c41d260a0c6abc94b8d7cfb6f78a6c07) Importer(815301076,1909f56bfc062723c751e8b465ee728b)  -> (artifact id: 'e21b438fc100a5367a755f5a7e06a8c1') in 0.518726 seconds
  Import took 0.524855 seconds .

========================================================================
Received Import Request.
  Time since last request: 0.000379 seconds.
  path: Assets/Prefabs/Track.prefab
  artifactKey: Guid(19f426609715a0743bd503ab595a6f0e) Importer(815301076,1909f56bfc062723c751e8b465ee728b)
Start importing Assets/Prefabs/Track.prefab using Guid(19f426609715a0743bd503ab595a6f0e) Importer(815301076,1909f56bfc062723c751e8b465ee728b)  -> (artifact id: '0ffdeaf046ac0b70a05318812b67fa46') in 0.246855 seconds
  Import took 0.251716 seconds .

========================================================================
Received Import Request.
  Time since last request: 0.000255 seconds.
  path: Assets/Chicken Piece Pack/Prefab/plate 2.prefab
  artifactKey: Guid(e60095969bf31c444bc6b2b27f383b14) Importer(815301076,1909f56bfc062723c751e8b465ee728b)
Start importing Assets/Chicken Piece Pack/Prefab/plate 2.prefab using Guid(e60095969bf31c444bc6b2b27f383b14) Importer(815301076,1909f56bfc062723c751e8b465ee728b)  -> (artifact id: 'ee6070a0cff39eeeed195b58fb87cd6b') in 0.222237 seconds
  Import took 0.227826 seconds .

========================================================================
Received Import Request.
  Time since last request: 0.002826 seconds.
  path: Assets/Chicken Piece Pack/Prefab/chicken leg piece.prefab
  artifactKey: Guid(16acbe5bed5d99944a567da1b7fcb438) Importer(815301076,1909f56bfc062723c751e8b465ee728b)
Start importing Assets/Chicken Piece Pack/Prefab/chicken leg piece.prefab using Guid(16acbe5bed5d99944a567da1b7fcb438) Importer(815301076,1909f56bfc062723c751e8b465ee728b)  -> (artifact id: 'a92d6ee018f1edb4e211456967a8f1eb') in 0.229313 seconds
  Import took 0.234252 seconds .

========================================================================
Received Prepare
Registering precompiled user dll's ...
Registered in 0.003218 seconds.
Begin MonoManager ReloadAssembly
Native extension for Lumin target not found
Native extension for WindowsStandalone target not found
Native extension for OSXStandalone target not found
Native extension for WebGL target not found
Refreshing native plugins compatible for Editor in 0.49 ms, found 0 plugins.
Preloading 0 native plugins for Editor in 0.00 ms.
Invoked RoslynAnalysisRunner static constructor.
RoslynAnalysisRunner will not be running.
RoslynAnalysisRunner has terminated.
Mono: successfully reloaded assembly
- Completed reload, in  1.287 seconds
Platform modules already initialized, skipping
Switching build target platform(5) subTarget(0) extendedPlatform(0) -> platform(13) subTarget(524288) extendedPlatform(0)
Refreshing native plugins compatible for Editor in 0.52 ms, found 0 plugins.
Preloading 0 native plugins for Editor in 0.00 ms.
Unloading 1994 Unused Serialized files (Serialized files now loaded: 0)
System memory in use before: 115.7 MB.
System memory in use after: 115.8 MB.

Unloading 8 unused Assets to reduce memory usage. Loaded Objects now: 2496.
Total: 2.830200 ms (FindLiveObjects: 0.345300 ms CreateObjectMapping: 0.064600 ms MarkObjects: 2.338300 ms  DeleteObjects: 0.080400 ms)

AssetImportParameters requested are different than current active one (requested -> active):
  custom:graphics/normal-map-encoding: 01000000000000000000000000000000 -> 02000000000000000000000000000000
========================================================================
Received Import Request.
  Time since last request: 124.697845 seconds.
  path: Assets/Prefabs/NEWTOSPAWN.prefab
  artifactKey: Guid(27a16897b9e5fc84ebb5babe2515c1dc) Importer(815301076,1909f56bfc062723c751e8b465ee728b)
Start importing Assets/Prefabs/NEWTOSPAWN.prefab using Guid(27a16897b9e5fc84ebb5babe2515c1dc) Importer(815301076,1909f56bfc062723c751e8b465ee728b)  -> (artifact id: '57ec4ba1a85fc6b3529d90abf5fab90b') in 0.252703 seconds
  Import took 0.258506 seconds .

========================================================================
Received Import Request.
  Time since last request: 0.000285 seconds.
  path: Assets/Prefabs/GameObject (2).prefab
  artifactKey: Guid(0a2b3eb9b103f304483410de20136e5b) Importer(815301076,1909f56bfc062723c751e8b465ee728b)
Start importing Assets/Prefabs/GameObject (2).prefab using Guid(0a2b3eb9b103f304483410de20136e5b) Importer(815301076,1909f56bfc062723c751e8b465ee728b)  -> (artifact id: '9a91740da48d7f976836fd44161af50d') in 0.203730 seconds
  Import took 0.209792 seconds .

========================================================================
Received Import Request.
  Time since last request: 0.000233 seconds.
  path: Assets/Prefabs/ChickenTrack.prefab
  artifactKey: Guid(c41d260a0c6abc94b8d7cfb6f78a6c07) Importer(815301076,1909f56bfc062723c751e8b465ee728b)
Start importing Assets/Prefabs/ChickenTrack.prefab using Guid(c41d260a0c6abc94b8d7cfb6f78a6c07) Importer(815301076,1909f56bfc062723c751e8b465ee728b)  -> (artifact id: 'a480b80199d016b730ef7d0823b185c6') in 0.424516 seconds
  Import took 0.430489 seconds .

========================================================================
Received Import Request.
  Time since last request: 0.000317 seconds.
  path: Assets/Prefabs/Track.prefab
  artifactKey: Guid(19f426609715a0743bd503ab595a6f0e) Importer(815301076,1909f56bfc062723c751e8b465ee728b)
Start importing Assets/Prefabs/Track.prefab using Guid(19f426609715a0743bd503ab595a6f0e) Importer(815301076,1909f56bfc062723c751e8b465ee728b)  -> (artifact id: 'b43fb48300daa8fef05110920f69b786') in 0.206938 seconds
  Import took 0.212150 seconds .

========================================================================
Received Import Request.
  Time since last request: 107.330264 seconds.
  path: Assets/Prefabs/ChickenTrack.prefab
  artifactKey: Guid(c41d260a0c6abc94b8d7cfb6f78a6c07) Importer(815301076,1909f56bfc062723c751e8b465ee728b)
Start importing Assets/Prefabs/ChickenTrack.prefab using Guid(c41d260a0c6abc94b8d7cfb6f78a6c07) Importer(815301076,1909f56bfc062723c751e8b465ee728b)  -> (artifact id: '12c4f7d756eb72c931fda6aa90bca792') in 0.500401 seconds
  Import took 0.506983 seconds .

========================================================================
Received Prepare
Refreshing native plugins compatible for Editor in 2.45 ms, found 0 plugins.
Preloading 0 native plugins for Editor in 0.00 ms.
Unloading 3 Unused Serialized files (Serialized files now loaded: 0)
System memory in use before: 79.3 MB.
System memory in use after: 79.4 MB.

Unloading 5 unused Assets to reduce memory usage. Loaded Objects now: 2497.
Total: 3.646000 ms (FindLiveObjects: 0.298200 ms CreateObjectMapping: 0.058600 ms MarkObjects: 3.200800 ms  DeleteObjects: 0.087100 ms)

========================================================================
Received Prepare
Registering precompiled user dll's ...
Registered in 0.003585 seconds.
Begin MonoManager ReloadAssembly
Native extension for Lumin target not found
Native extension for WindowsStandalone target not found
Native extension for OSXStandalone target not found
Native extension for WebGL target not found
Refreshing native plugins compatible for Editor in 0.49 ms, found 0 plugins.
Preloading 0 native plugins for Editor in 0.00 ms.
Invoked RoslynAnalysisRunner static constructor.
RoslynAnalysisRunner will not be running.
RoslynAnalysisRunner has terminated.
Mono: successfully reloaded assembly
- Completed reload, in  1.392 seconds
Platform modules already initialized, skipping
Switching build target platform(5) subTarget(0) extendedPlatform(0) -> platform(13) subTarget(524288) extendedPlatform(0)
Refreshing native plugins compatible for Editor in 0.51 ms, found 0 plugins.
Preloading 0 native plugins for Editor in 0.00 ms.
Unloading 1994 Unused Serialized files (Serialized files now loaded: 0)
System memory in use before: 115.8 MB.
System memory in use after: 115.9 MB.

Unloading 6 unused Assets to reduce memory usage. Loaded Objects now: 2501.
Total: 3.009200 ms (FindLiveObjects: 0.463600 ms CreateObjectMapping: 0.166000 ms MarkObjects: 2.309800 ms  DeleteObjects: 0.068300 ms)

AssetImportParameters requested are different than current active one (requested -> active):
  custom:graphics/normal-map-encoding: 01000000000000000000000000000000 -> 02000000000000000000000000000000
========================================================================
Received Prepare
Registering precompiled user dll's ...
Registered in 0.003021 seconds.
Begin MonoManager ReloadAssembly
Native extension for Lumin target not found
Native extension for WindowsStandalone target not found
Native extension for OSXStandalone target not found
Native extension for WebGL target not found
Refreshing native plugins compatible for Editor in 0.48 ms, found 0 plugins.
Preloading 0 native plugins for Editor in 0.00 ms.
Invoked RoslynAnalysisRunner static constructor.
RoslynAnalysisRunner will not be running.
RoslynAnalysisRunner has terminated.
Mono: successfully reloaded assembly
- Completed reload, in  1.249 seconds
Platform modules already initialized, skipping
Switching build target platform(5) subTarget(0) extendedPlatform(0) -> platform(13) subTarget(524288) extendedPlatform(0)
Refreshing native plugins compatible for Editor in 0.48 ms, found 0 plugins.
Preloading 0 native plugins for Editor in 0.00 ms.
Unloading 1994 Unused Serialized files (Serialized files now loaded: 0)
System memory in use before: 115.8 MB.
System memory in use after: 115.9 MB.

Unloading 6 unused Assets to reduce memory usage. Loaded Objects now: 2505.
Total: 2.764600 ms (FindLiveObjects: 0.280600 ms CreateObjectMapping: 0.053900 ms MarkObjects: 2.361400 ms  DeleteObjects: 0.066900 ms)

AssetImportParameters requested are different than current active one (requested -> active):
  custom:graphics/normal-map-encoding: 01000000000000000000000000000000 -> 02000000000000000000000000000000
========================================================================
Received Prepare
Registering precompiled user dll's ...
Registered in 0.003625 seconds.
Begin MonoManager ReloadAssembly
Native extension for Lumin target not found
Native extension for WindowsStandalone target not found
Native extension for OSXStandalone target not found
Native extension for WebGL target not found
Refreshing native plugins compatible for Editor in 0.50 ms, found 0 plugins.
Preloading 0 native plugins for Editor in 0.00 ms.
Invoked RoslynAnalysisRunner static constructor.
RoslynAnalysisRunner will not be running.
RoslynAnalysisRunner has terminated.
Mono: successfully reloaded assembly
- Completed reload, in  1.255 seconds
Platform modules already initialized, skipping
Switching build target platform(5) subTarget(0) extendedPlatform(0) -> platform(13) subTarget(524288) extendedPlatform(0)
Refreshing native plugins compatible for Editor in 0.50 ms, found 0 plugins.
Preloading 0 native plugins for Editor in 0.00 ms.
Unloading 1994 Unused Serialized files (Serialized files now loaded: 0)
System memory in use before: 115.8 MB.
System memory in use after: 115.9 MB.

Unloading 6 unused Assets to reduce memory usage. Loaded Objects now: 2509.
Total: 2.884100 ms (FindLiveObjects: 0.287000 ms CreateObjectMapping: 0.056100 ms MarkObjects: 2.465100 ms  DeleteObjects: 0.074800 ms)

AssetImportParameters requested are different than current active one (requested -> active):
  custom:graphics/normal-map-encoding: 01000000000000000000000000000000 -> 02000000000000000000000000000000
========================================================================
Received Prepare
Registering precompiled user dll's ...
Registered in 0.002797 seconds.
Begin MonoManager ReloadAssembly
Native extension for Lumin target not found
Native extension for WindowsStandalone target not found
Native extension for OSXStandalone target not found
Native extension for WebGL target not found
Refreshing native plugins compatible for Editor in 0.51 ms, found 0 plugins.
Preloading 0 native plugins for Editor in 0.00 ms.
Invoked RoslynAnalysisRunner static constructor.
RoslynAnalysisRunner will not be running.
RoslynAnalysisRunner has terminated.
Mono: successfully reloaded assembly
- Completed reload, in  1.319 seconds
Platform modules already initialized, skipping
Switching build target platform(5) subTarget(0) extendedPlatform(0) -> platform(13) subTarget(524288) extendedPlatform(0)
Refreshing native plugins compatible for Editor in 0.50 ms, found 0 plugins.
Preloading 0 native plugins for Editor in 0.00 ms.
Unloading 1994 Unused Serialized files (Serialized files now loaded: 0)
System memory in use before: 115.8 MB.
System memory in use after: 115.9 MB.

Unloading 6 unused Assets to reduce memory usage. Loaded Objects now: 2513.
Total: 2.939100 ms (FindLiveObjects: 0.309900 ms CreateObjectMapping: 0.057200 ms MarkObjects: 2.479300 ms  DeleteObjects: 0.091400 ms)

AssetImportParameters requested are different than current active one (requested -> active):
  custom:graphics/normal-map-encoding: 01000000000000000000000000000000 -> 02000000000000000000000000000000
========================================================================
Received Import Request.
  Time since last request: 584.252728 seconds.
  path: ProjectSettings/TagManager.asset
  artifactKey: Guid(00000000000000003000000000000000) Importer(815301076,1909f56bfc062723c751e8b465ee728b)
Start importing ProjectSettings/TagManager.asset using Guid(00000000000000003000000000000000) Importer(815301076,1909f56bfc062723c751e8b465ee728b)  -> (artifact id: '877f97710d671a6e57e2cc7862df4902') in 0.025398 seconds
  Import took 0.029326 seconds .

========================================================================
Received Prepare
Registering precompiled user dll's ...
Registered in 0.003185 seconds.
Begin MonoManager ReloadAssembly
Native extension for Lumin target not found
Native extension for WindowsStandalone target not found
Native extension for OSXStandalone target not found
Native extension for WebGL target not found
Refreshing native plugins compatible for Editor in 0.47 ms, found 0 plugins.
Preloading 0 native plugins for Editor in 0.00 ms.
Invoked RoslynAnalysisRunner static constructor.
RoslynAnalysisRunner will not be running.
RoslynAnalysisRunner has terminated.
Mono: successfully reloaded assembly
- Completed reload, in  1.309 seconds
Platform modules already initialized, skipping
Switching build target platform(5) subTarget(0) extendedPlatform(0) -> platform(13) subTarget(524288) extendedPlatform(0)
Refreshing native plugins compatible for Editor in 0.51 ms, found 0 plugins.
Preloading 0 native plugins for Editor in 0.00 ms.
Unloading 1994 Unused Serialized files (Serialized files now loaded: 0)
System memory in use before: 115.9 MB.
System memory in use after: 115.9 MB.

Unloading 8 unused Assets to reduce memory usage. Loaded Objects now: 2516.
Total: 2.742500 ms (FindLiveObjects: 0.278800 ms CreateObjectMapping: 0.102900 ms MarkObjects: 2.289600 ms  DeleteObjects: 0.069800 ms)

AssetImportParameters requested are different than current active one (requested -> active):
  custom:graphics/normal-map-encoding: 01000000000000000000000000000000 -> 02000000000000000000000000000000
========================================================================
Received Prepare
Registering precompiled user dll's ...
Registered in 0.002403 seconds.
Begin MonoManager ReloadAssembly
Native extension for Lumin target not found
Native extension for WindowsStandalone target not found
Native extension for OSXStandalone target not found
Native extension for WebGL target not found
Refreshing native plugins compatible for Editor in 0.47 ms, found 0 plugins.
Preloading 0 native plugins for Editor in 0.00 ms.
Invoked RoslynAnalysisRunner static constructor.
RoslynAnalysisRunner will not be running.
RoslynAnalysisRunner has terminated.
Mono: successfully reloaded assembly
- Completed reload, in  1.326 seconds
Platform modules already initialized, skipping
Switching build target platform(5) subTarget(0) extendedPlatform(0) -> platform(13) subTarget(524288) extendedPlatform(0)
Refreshing native plugins compatible for Editor in 0.69 ms, found 0 plugins.
Preloading 0 native plugins for Editor in 0.00 ms.
Unloading 1995 Unused Serialized files (Serialized files now loaded: 0)
System memory in use before: 116.0 MB.
System memory in use after: 116.0 MB.

Unloading 7 unused Assets to reduce memory usage. Loaded Objects now: 2520.
Total: 2.761200 ms (FindLiveObjects: 0.324100 ms CreateObjectMapping: 0.079000 ms MarkObjects: 2.276400 ms  DeleteObjects: 0.080100 ms)

AssetImportParameters requested are different than current active one (requested -> active):
  custom:graphics/normal-map-encoding: 01000000000000000000000000000000 -> 02000000000000000000000000000000
========================================================================
Received Prepare
Registering precompiled user dll's ...
Registered in 0.002454 seconds.
Begin MonoManager ReloadAssembly
Native extension for Lumin target not found
Native extension for WindowsStandalone target not found
Native extension for OSXStandalone target not found
Native extension for WebGL target not found
Refreshing native plugins compatible for Editor in 0.50 ms, found 0 plugins.
Preloading 0 native plugins for Editor in 0.00 ms.
Invoked RoslynAnalysisRunner static constructor.
RoslynAnalysisRunner will not be running.
RoslynAnalysisRunner has terminated.
Mono: successfully reloaded assembly
- Completed reload, in  1.329 seconds
Platform modules already initialized, skipping
Switching build target platform(5) subTarget(0) extendedPlatform(0) -> platform(13) subTarget(524288) extendedPlatform(0)
Refreshing native plugins compatible for Editor in 0.57 ms, found 0 plugins.
Preloading 0 native plugins for Editor in 0.00 ms.
Unloading 1995 Unused Serialized files (Serialized files now loaded: 0)
System memory in use before: 116.0 MB.
System memory in use after: 116.1 MB.

Unloading 7 unused Assets to reduce memory usage. Loaded Objects now: 2524.
Total: 2.875200 ms (FindLiveObjects: 0.282500 ms CreateObjectMapping: 0.058100 ms MarkObjects: 2.457500 ms  DeleteObjects: 0.075400 ms)

AssetImportParameters requested are different than current active one (requested -> active):
  custom:graphics/normal-map-encoding: 01000000000000000000000000000000 -> 02000000000000000000000000000000
========================================================================
Received Prepare
Registering precompiled user dll's ...
Registered in 0.002426 seconds.
Begin MonoManager ReloadAssembly
Native extension for Lumin target not found
Native extension for WindowsStandalone target not found
Native extension for OSXStandalone target not found
Native extension for WebGL target not found
Refreshing native plugins compatible for Editor in 0.49 ms, found 0 plugins.
Preloading 0 native plugins for Editor in 0.00 ms.
Invoked RoslynAnalysisRunner static constructor.
RoslynAnalysisRunner will not be running.
RoslynAnalysisRunner has terminated.
Mono: successfully reloaded assembly
- Completed reload, in  1.353 seconds
Platform modules already initialized, skipping
Switching build target platform(5) subTarget(0) extendedPlatform(0) -> platform(13) subTarget(524288) extendedPlatform(0)
Refreshing native plugins compatible for Editor in 0.46 ms, found 0 plugins.
Preloading 0 native plugins for Editor in 0.00 ms.
Unloading 1995 Unused Serialized files (Serialized files now loaded: 0)
System memory in use before: 116.0 MB.
System memory in use after: 116.1 MB.

Unloading 7 unused Assets to reduce memory usage. Loaded Objects now: 2528.
Total: 2.804600 ms (FindLiveObjects: 0.275200 ms CreateObjectMapping: 0.059700 ms MarkObjects: 2.393400 ms  DeleteObjects: 0.075000 ms)

AssetImportParameters requested are different than current active one (requested -> active):
  custom:graphics/normal-map-encoding: 01000000000000000000000000000000 -> 02000000000000000000000000000000
========================================================================
Received Prepare
Registering precompiled user dll's ...
Registered in 0.002881 seconds.
Begin MonoManager ReloadAssembly
Native extension for Lumin target not found
Native extension for WindowsStandalone target not found
Native extension for OSXStandalone target not found
Native extension for WebGL target not found
Refreshing native plugins compatible for Editor in 0.53 ms, found 0 plugins.
Preloading 0 native plugins for Editor in 0.00 ms.
Invoked RoslynAnalysisRunner static constructor.
RoslynAnalysisRunner will not be running.
RoslynAnalysisRunner has terminated.
Mono: successfully reloaded assembly
- Completed reload, in  1.390 seconds
Platform modules already initialized, skipping
Switching build target platform(5) subTarget(0) extendedPlatform(0) -> platform(13) subTarget(524288) extendedPlatform(0)
Refreshing native plugins compatible for Editor in 0.51 ms, found 0 plugins.
Preloading 0 native plugins for Editor in 0.00 ms.
Unloading 1995 Unused Serialized files (Serialized files now loaded: 0)
System memory in use before: 116.0 MB.
System memory in use after: 116.1 MB.

Unloading 7 unused Assets to reduce memory usage. Loaded Objects now: 2532.
Total: 3.205900 ms (FindLiveObjects: 0.284100 ms CreateObjectMapping: 0.054700 ms MarkObjects: 2.786600 ms  DeleteObjects: 0.079000 ms)

AssetImportParameters requested are different than current active one (requested -> active):
  custom:graphics/normal-map-encoding: 01000000000000000000000000000000 -> 02000000000000000000000000000000
========================================================================
Received Prepare
Refreshing native plugins compatible for Editor in 2.46 ms, found 0 plugins.
Preloading 0 native plugins for Editor in 0.00 ms.
Unloading 4 Unused Serialized files (Serialized files now loaded: 0)
System memory in use before: 76.7 MB.
System memory in use after: 76.9 MB.

Unloading 3 unused Assets to reduce memory usage. Loaded Objects now: 2533.
Total: 2.875600 ms (FindLiveObjects: 0.271900 ms CreateObjectMapping: 0.051700 ms MarkObjects: 2.464600 ms  DeleteObjects: 0.086000 ms)

========================================================================
Received Import Request.
  Time since last request: 634.027114 seconds.
  path: Assets/Animations/DummyAnimator.controller
  artifactKey: Guid(cd7d3372c61b9b64a8f501475bdedb2f) Importer(815301076,1909f56bfc062723c751e8b465ee728b)
Start importing Assets/Animations/DummyAnimator.controller using Guid(cd7d3372c61b9b64a8f501475bdedb2f) Importer(815301076,1909f56bfc062723c751e8b465ee728b)  -> (artifact id: '4b7fed3eca9bbdd7ce3f8aeedb6371e4') in 0.036940 seconds
  Import took 0.041749 seconds .

========================================================================
Received Prepare
Registering precompiled user dll's ...
Registered in 0.002710 seconds.
Begin MonoManager ReloadAssembly
Native extension for Lumin target not found
Native extension for WindowsStandalone target not found
Native extension for OSXStandalone target not found
Native extension for WebGL target not found
Refreshing native plugins compatible for Editor in 0.49 ms, found 0 plugins.
Preloading 0 native plugins for Editor in 0.00 ms.
Invoked RoslynAnalysisRunner static constructor.
RoslynAnalysisRunner will not be running.
RoslynAnalysisRunner has terminated.
Mono: successfully reloaded assembly
- Completed reload, in  1.445 seconds
Platform modules already initialized, skipping
Switching build target platform(5) subTarget(0) extendedPlatform(0) -> platform(13) subTarget(524288) extendedPlatform(0)
Refreshing native plugins compatible for Editor in 0.57 ms, found 0 plugins.
Preloading 0 native plugins for Editor in 0.00 ms.
Unloading 1994 Unused Serialized files (Serialized files now loaded: 0)
System memory in use before: 115.9 MB.
System memory in use after: 116.0 MB.

Unloading 6 unused Assets to reduce memory usage. Loaded Objects now: 2537.
Total: 3.081000 ms (FindLiveObjects: 0.437100 ms CreateObjectMapping: 0.181200 ms MarkObjects: 2.381900 ms  DeleteObjects: 0.079700 ms)

AssetImportParameters requested are different than current active one (requested -> active):
  custom:graphics/normal-map-encoding: 01000000000000000000000000000000 -> 02000000000000000000000000000000
========================================================================
Received Prepare
Registering precompiled user dll's ...
Registered in 0.003233 seconds.
Begin MonoManager ReloadAssembly
Native extension for Lumin target not found
Native extension for WindowsStandalone target not found
Native extension for OSXStandalone target not found
Native extension for WebGL target not found
Refreshing native plugins compatible for Editor in 0.48 ms, found 0 plugins.
Preloading 0 native plugins for Editor in 0.00 ms.
Invoked RoslynAnalysisRunner static constructor.
RoslynAnalysisRunner will not be running.
RoslynAnalysisRunner has terminated.
Mono: successfully reloaded assembly
- Completed reload, in  1.464 seconds
Platform modules already initialized, skipping
Switching build target platform(5) subTarget(0) extendedPlatform(0) -> platform(13) subTarget(524288) extendedPlatform(0)
Refreshing native plugins compatible for Editor in 0.51 ms, found 0 plugins.
Preloading 0 native plugins for Editor in 0.00 ms.
Unloading 1994 Unused Serialized files (Serialized files now loaded: 0)
System memory in use before: 115.9 MB.
System memory in use after: 116.0 MB.

Unloading 6 unused Assets to reduce memory usage. Loaded Objects now: 2541.
Total: 2.921000 ms (FindLiveObjects: 0.416900 ms CreateObjectMapping: 0.078900 ms MarkObjects: 2.355100 ms  DeleteObjects: 0.068800 ms)

AssetImportParameters requested are different than current active one (requested -> active):
  custom:graphics/normal-map-encoding: 01000000000000000000000000000000 -> 02000000000000000000000000000000
========================================================================
Received Prepare
Refreshing native plugins compatible for Editor in 2.47 ms, found 0 plugins.
Preloading 0 native plugins for Editor in 0.00 ms.
Unloading 3 Unused Serialized files (Serialized files now loaded: 0)
System memory in use before: 76.7 MB.
System memory in use after: 76.8 MB.

Unloading 3 unused Assets to reduce memory usage. Loaded Objects now: 2541.
Total: 4.134600 ms (FindLiveObjects: 0.317200 ms CreateObjectMapping: 0.064700 ms MarkObjects: 3.666200 ms  DeleteObjects: 0.084800 ms)

========================================================================
Received Prepare
Registering precompiled user dll's ...
Registered in 0.002856 seconds.
Begin MonoManager ReloadAssembly
Native extension for Lumin target not found
Native extension for WindowsStandalone target not found
Native extension for OSXStandalone target not found
Native extension for WebGL target not found
Refreshing native plugins compatible for Editor in 1.01 ms, found 0 plugins.
Preloading 0 native plugins for Editor in 0.00 ms.
Invoked RoslynAnalysisRunner static constructor.
RoslynAnalysisRunner will not be running.
RoslynAnalysisRunner has terminated.
Mono: successfully reloaded assembly
- Completed reload, in  1.617 seconds
Platform modules already initialized, skipping
Switching build target platform(5) subTarget(0) extendedPlatform(0) -> platform(13) subTarget(524288) extendedPlatform(0)
Refreshing native plugins compatible for Editor in 0.50 ms, found 0 plugins.
Preloading 0 native plugins for Editor in 0.00 ms.
Unloading 1994 Unused Serialized files (Serialized files now loaded: 0)
System memory in use before: 115.9 MB.
System memory in use after: 116.0 MB.

Unloading 6 unused Assets to reduce memory usage. Loaded Objects now: 2545.
Total: 2.653400 ms (FindLiveObjects: 0.308700 ms CreateObjectMapping: 0.060400 ms MarkObjects: 2.213600 ms  DeleteObjects: 0.069300 ms)

AssetImportParameters requested are different than current active one (requested -> active):
  custom:graphics/normal-map-encoding: 01000000000000000000000000000000 -> 02000000000000000000000000000000
========================================================================
Received Import Request.
  Time since last request: 510.906996 seconds.
  path: Assets/Prefabs/ChickenTrack.prefab
  artifactKey: Guid(c41d260a0c6abc94b8d7cfb6f78a6c07) Importer(815301076,1909f56bfc062723c751e8b465ee728b)
Start importing Assets/Prefabs/ChickenTrack.prefab using Guid(c41d260a0c6abc94b8d7cfb6f78a6c07) Importer(815301076,1909f56bfc062723c751e8b465ee728b)  -> (artifact id: '8799c38a4bd4ac68706865653cbf8b2a') in 0.662151 seconds
  Import took 0.668860 seconds .

========================================================================
Received Import Request.
  Time since last request: 0.000285 seconds.
  path: Assets/Prefabs/NEWTOSPAWN.prefab
  artifactKey: Guid(27a16897b9e5fc84ebb5babe2515c1dc) Importer(815301076,1909f56bfc062723c751e8b465ee728b)
Start importing Assets/Prefabs/NEWTOSPAWN.prefab using Guid(27a16897b9e5fc84ebb5babe2515c1dc) Importer(815301076,1909f56bfc062723c751e8b465ee728b)  -> (artifact id: '4657a7cbc50f063b555158f98da2588c') in 0.183073 seconds
  Import took 0.188444 seconds .

========================================================================
Received Import Request.
  Time since last request: 0.000241 seconds.
  path: Assets/Prefabs/GameObject (2).prefab
  artifactKey: Guid(0a2b3eb9b103f304483410de20136e5b) Importer(815301076,1909f56bfc062723c751e8b465ee728b)
Start importing Assets/Prefabs/GameObject (2).prefab using Guid(0a2b3eb9b103f304483410de20136e5b) Importer(815301076,1909f56bfc062723c751e8b465ee728b)  -> (artifact id: '8b54048cd0678e2854d2a34f80a38a11') in 0.201566 seconds
  Import took 0.206802 seconds .

========================================================================
Received Import Request.
  Time since last request: 0.000271 seconds.
  path: Assets/Prefabs/Track.prefab
  artifactKey: Guid(19f426609715a0743bd503ab595a6f0e) Importer(815301076,1909f56bfc062723c751e8b465ee728b)
Start importing Assets/Prefabs/Track.prefab using Guid(19f426609715a0743bd503ab595a6f0e) Importer(815301076,1909f56bfc062723c751e8b465ee728b)  -> (artifact id: '75bb9e8b180dc55a5eed38ea33a68de4') in 0.230142 seconds
  Import took 0.234683 seconds .

========================================================================
Received Import Request.
  Time since last request: 5.246474 seconds.
  path: Assets/Prefabs/GameObject.prefab
  artifactKey: Guid(dad3336fd9225cc4abce521ce8d637db) Importer(815301076,1909f56bfc062723c751e8b465ee728b)
Start importing Assets/Prefabs/GameObject.prefab using Guid(dad3336fd9225cc4abce521ce8d637db) Importer(815301076,1909f56bfc062723c751e8b465ee728b)  -> (artifact id: '1138e9d4a4c7acfacfc94af7678d3880') in 0.016969 seconds
  Import took 0.021438 seconds .

========================================================================
Received Import Request.
  Time since last request: 10.945739 seconds.
  path: Assets/Prefabs/ChickenTrack.prefab
  artifactKey: Guid(c41d260a0c6abc94b8d7cfb6f78a6c07) Importer(815301076,1909f56bfc062723c751e8b465ee728b)
Start importing Assets/Prefabs/ChickenTrack.prefab using Guid(c41d260a0c6abc94b8d7cfb6f78a6c07) Importer(815301076,1909f56bfc062723c751e8b465ee728b)  -> (artifact id: '257fd291a23ea7f0eafff85feea975e0') in 0.435355 seconds
  Import took 0.442352 seconds .

========================================================================
Received Prepare
Refreshing native plugins compatible for Editor in 2.35 ms, found 0 plugins.
Preloading 0 native plugins for Editor in 0.00 ms.
Unloading 3 Unused Serialized files (Serialized files now loaded: 0)
System memory in use before: 79.8 MB.
System memory in use after: 79.9 MB.

Unloading 5 unused Assets to reduce memory usage. Loaded Objects now: 2546.
Total: 3.728200 ms (FindLiveObjects: 0.330200 ms CreateObjectMapping: 0.064300 ms MarkObjects: 3.233900 ms  DeleteObjects: 0.097700 ms)

========================================================================
Received Prepare
Registering precompiled user dll's ...
Registered in 0.003059 seconds.
Begin MonoManager ReloadAssembly
Native extension for Lumin target not found
Native extension for WindowsStandalone target not found
Native extension for OSXStandalone target not found
Native extension for WebGL target not found
Refreshing native plugins compatible for Editor in 0.47 ms, found 0 plugins.
Preloading 0 native plugins for Editor in 0.00 ms.
Invoked RoslynAnalysisRunner static constructor.
RoslynAnalysisRunner will not be running.
RoslynAnalysisRunner has terminated.
Mono: successfully reloaded assembly
- Completed reload, in  1.486 seconds
Platform modules already initialized, skipping
Switching build target platform(5) subTarget(0) extendedPlatform(0) -> platform(13) subTarget(524288) extendedPlatform(0)
Refreshing native plugins compatible for Editor in 0.62 ms, found 0 plugins.
Preloading 0 native plugins for Editor in 0.00 ms.
Unloading 1994 Unused Serialized files (Serialized files now loaded: 0)
System memory in use before: 116.0 MB.
System memory in use after: 116.1 MB.

Unloading 6 unused Assets to reduce memory usage. Loaded Objects now: 2550.
Total: 2.841000 ms (FindLiveObjects: 0.323000 ms CreateObjectMapping: 0.100300 ms MarkObjects: 2.347400 ms  DeleteObjects: 0.068500 ms)

AssetImportParameters requested are different than current active one (requested -> active):
  custom:graphics/normal-map-encoding: 01000000000000000000000000000000 -> 02000000000000000000000000000000
========================================================================
Received Import Request.
  Time since last request: 597.344646 seconds.
  path: Assets/Prefabs/ChickenTrack.prefab
  artifactKey: Guid(c41d260a0c6abc94b8d7cfb6f78a6c07) Importer(815301076,1909f56bfc062723c751e8b465ee728b)
Start importing Assets/Prefabs/ChickenTrack.prefab using Guid(c41d260a0c6abc94b8d7cfb6f78a6c07) Importer(815301076,1909f56bfc062723c751e8b465ee728b)  -> (artifact id: '8aabbf51d6b2ef5dbd2ce87c473f98c3') in 0.464933 seconds
  Import took 0.472566 seconds .

========================================================================
Received Prepare
Refreshing native plugins compatible for Editor in 2.49 ms, found 0 plugins.
Preloading 0 native plugins for Editor in 0.00 ms.
Unloading 3 Unused Serialized files (Serialized files now loaded: 0)
System memory in use before: 78.0 MB.
System memory in use after: 78.1 MB.

Unloading 3 unused Assets to reduce memory usage. Loaded Objects now: 2551.
Total: 3.530000 ms (FindLiveObjects: 0.326200 ms CreateObjectMapping: 0.069000 ms MarkObjects: 3.050500 ms  DeleteObjects: 0.082800 ms)

========================================================================
Received Import Request.
  Time since last request: 456.003747 seconds.
  path: Assets/Materials/BOUNCE.physicMaterial
  artifactKey: Guid(a9c58f21e4e48bd48b7a4301fb70f8d5) Importer(815301076,1909f56bfc062723c751e8b465ee728b)
Start importing Assets/Materials/BOUNCE.physicMaterial using Guid(a9c58f21e4e48bd48b7a4301fb70f8d5) Importer(815301076,1909f56bfc062723c751e8b465ee728b)  -> (artifact id: 'de2c32084be31fbcd732966697554547') in 0.017528 seconds
  Import took 0.022039 seconds .

========================================================================
Received Import Request.
  Time since last request: 6.975638 seconds.
  path: Assets/Materials/New Material 1.mat
  artifactKey: Guid(a84c526f05442844aaed9af59b47d8ba) Importer(815301076,1909f56bfc062723c751e8b465ee728b)
Start importing Assets/Materials/New Material 1.mat using Guid(a84c526f05442844aaed9af59b47d8ba) Importer(815301076,1909f56bfc062723c751e8b465ee728b)  -> (artifact id: 'b7448ea1f099a0b4c2972d143fedb27f') in 0.044124 seconds
  Import took 0.048847 seconds .

========================================================================
Received Prepare
Refreshing native plugins compatible for Editor in 2.42 ms, found 0 plugins.
Preloading 0 native plugins for Editor in 0.00 ms.
Unloading 3 Unused Serialized files (Serialized files now loaded: 0)
System memory in use before: 78.2 MB.
System memory in use after: 78.3 MB.

Unloading 3 unused Assets to reduce memory usage. Loaded Objects now: 2583.
Total: 3.875300 ms (FindLiveObjects: 0.338300 ms CreateObjectMapping: 0.071700 ms MarkObjects: 3.384400 ms  DeleteObjects: 0.079200 ms)

========================================================================
Received Import Request.
  Time since last request: 93.705192 seconds.
  path: Assets/Materials/New Material 1.mat
  artifactKey: Guid(a84c526f05442844aaed9af59b47d8ba) Importer(815301076,1909f56bfc062723c751e8b465ee728b)
Start importing Assets/Materials/New Material 1.mat using Guid(a84c526f05442844aaed9af59b47d8ba) Importer(815301076,1909f56bfc062723c751e8b465ee728b)  -> (artifact id: 'b2a6221329c0d209e11172de1559c8f0') in 0.035859 seconds
  Import took 0.041144 seconds .

========================================================================
Received Import Request.
  Time since last request: 0.574998 seconds.
  path: Assets/Materials/New Material 1.mat
  artifactKey: Guid(a84c526f05442844aaed9af59b47d8ba) Importer(815301076,1909f56bfc062723c751e8b465ee728b)
Start importing Assets/Materials/New Material 1.mat using Guid(a84c526f05442844aaed9af59b47d8ba) Importer(815301076,1909f56bfc062723c751e8b465ee728b)  -> (artifact id: 'b2a6221329c0d209e11172de1559c8f0') in 0.039126 seconds
  Import took 0.047327 seconds .

========================================================================
Received Prepare
Refreshing native plugins compatible for Editor in 2.15 ms, found 0 plugins.
Preloading 0 native plugins for Editor in 0.00 ms.
Unloading 3 Unused Serialized files (Serialized files now loaded: 0)
System memory in use before: 78.2 MB.
System memory in use after: 78.4 MB.

Unloading 3 unused Assets to reduce memory usage. Loaded Objects now: 2583.
Total: 3.902000 ms (FindLiveObjects: 0.327400 ms CreateObjectMapping: 0.066700 ms MarkObjects: 3.432300 ms  DeleteObjects: 0.074300 ms)

========================================================================
Received Prepare
Refreshing native plugins compatible for Editor in 2.25 ms, found 0 plugins.
Preloading 0 native plugins for Editor in 0.00 ms.
Unloading 3 Unused Serialized files (Serialized files now loaded: 0)
System memory in use before: 78.2 MB.
System memory in use after: 78.4 MB.

Unloading 3 unused Assets to reduce memory usage. Loaded Objects now: 2583.
Total: 4.442700 ms (FindLiveObjects: 0.337500 ms CreateObjectMapping: 0.064200 ms MarkObjects: 3.952100 ms  DeleteObjects: 0.086800 ms)

========================================================================
Received Prepare
Refreshing native plugins compatible for Editor in 2.29 ms, found 0 plugins.
Preloading 0 native plugins for Editor in 0.00 ms.
Unloading 3 Unused Serialized files (Serialized files now loaded: 0)
System memory in use before: 78.3 MB.
System memory in use after: 78.4 MB.

Unloading 3 unused Assets to reduce memory usage. Loaded Objects now: 2583.
Total: 3.408900 ms (FindLiveObjects: 0.307600 ms CreateObjectMapping: 0.066600 ms MarkObjects: 2.961500 ms  DeleteObjects: 0.071800 ms)

AssetImportWorkerClient::OnTransportError - code=2 error=End of file
